{"/Users/terenvelan/Documents/sei25sg/Unit3/Project3/client/apt-appt-app-client/src/App.js": {"path":"/Users/terenvelan/Documents/sei25sg/Unit3/Project3/client/apt-appt-app-client/src/App.js","statementMap":{"0":{"start":{"line":15,"column":32},"end":{"line":15,"column":44}},"1":{"start":{"line":16,"column":28},"end":{"line":16,"column":43}},"2":{"start":{"line":17,"column":14},"end":{"line":17,"column":26}},"3":{"start":{"line":20,"column":2},"end":{"line":20,"column":34}},"4":{"start":{"line":21,"column":2},"end":{"line":21,"column":17}},"5":{"start":{"line":22,"column":2},"end":{"line":22,"column":18}},"6":{"start":{"line":23,"column":2},"end":{"line":23,"column":26}},"7":{"start":{"line":26,"column":2},"end":{"line":81,"column":4}}},"fnMap":{"0":{"name":"App","decl":{"start":{"line":13,"column":9},"end":{"line":13,"column":12}},"loc":{"start":{"line":13,"column":15},"end":{"line":82,"column":1}},"line":13},"1":{"name":"logout","decl":{"start":{"line":19,"column":9},"end":{"line":19,"column":15}},"loc":{"start":{"line":19,"column":17},"end":{"line":24,"column":1}},"line":19}},"branchMap":{"0":{"loc":{"start":{"line":40,"column":8},"end":{"line":52,"column":7}},"type":"cond-expr","locations":[{"start":{"line":41,"column":4},"end":{"line":49,"column":20}},{"start":{"line":49,"column":23},"end":{"line":52,"column":7}}],"line":40}},"s":{"0":1,"1":1,"2":1,"3":0,"4":0,"5":0,"6":0,"7":1},"f":{"0":1,"1":0},"b":{"0":[0,1]},"_coverageSchema":"1a1c01bbd47fc00a2c39e90264f33305004495a9","hash":"a74176b03873d8f65892ce6a76b92038e7885516"}
,"/Users/terenvelan/Documents/sei25sg/Unit3/Project3/client/apt-appt-app-client/src/index.js": {"path":"/Users/terenvelan/Documents/sei25sg/Unit3/Project3/client/apt-appt-app-client/src/index.js","statementMap":{"0":{"start":{"line":8,"column":0},"end":{"line":13,"column":2}},"1":{"start":{"line":18,"column":0},"end":{"line":18,"column":18}}},"fnMap":{},"branchMap":{},"s":{"0":0,"1":0},"f":{},"b":{}}
,"/Users/terenvelan/Documents/sei25sg/Unit3/Project3/client/apt-appt-app-client/src/reportWebVitals.js": {"path":"/Users/terenvelan/Documents/sei25sg/Unit3/Project3/client/apt-appt-app-client/src/reportWebVitals.js","statementMap":{"0":{"start":{"line":1,"column":24},"end":{"line":11,"column":1}},"1":{"start":{"line":2,"column":2},"end":{"line":10,"column":3}},"2":{"start":{"line":3,"column":4},"end":{"line":9,"column":7}},"3":{"start":{"line":4,"column":6},"end":{"line":4,"column":26}},"4":{"start":{"line":5,"column":6},"end":{"line":5,"column":26}},"5":{"start":{"line":6,"column":6},"end":{"line":6,"column":26}},"6":{"start":{"line":7,"column":6},"end":{"line":7,"column":26}},"7":{"start":{"line":8,"column":6},"end":{"line":8,"column":27}}},"fnMap":{"0":{"name":"(anonymous_0)","decl":{"start":{"line":1,"column":24},"end":{"line":1,"column":25}},"loc":{"start":{"line":1,"column":39},"end":{"line":11,"column":1}},"line":1},"1":{"name":"(anonymous_1)","decl":{"start":{"line":3,"column":30},"end":{"line":3,"column":31}},"loc":{"start":{"line":3,"column":79},"end":{"line":9,"column":5}},"line":3}},"branchMap":{"0":{"loc":{"start":{"line":2,"column":2},"end":{"line":10,"column":3}},"type":"if","locations":[{"start":{"line":2,"column":2},"end":{"line":10,"column":3}},{"start":{"line":2,"column":2},"end":{"line":10,"column":3}}],"line":2},"1":{"loc":{"start":{"line":2,"column":6},"end":{"line":2,"column":52}},"type":"binary-expr","locations":[{"start":{"line":2,"column":6},"end":{"line":2,"column":17}},{"start":{"line":2,"column":21},"end":{"line":2,"column":52}}],"line":2}},"s":{"0":0,"1":0,"2":0,"3":0,"4":0,"5":0,"6":0,"7":0},"f":{"0":0,"1":0},"b":{"0":[0,0],"1":[0,0]}}
,"/Users/terenvelan/Documents/sei25sg/Unit3/Project3/client/apt-appt-app-client/src/components/auth/Login.jsx": {"path":"/Users/terenvelan/Documents/sei25sg/Unit3/Project3/client/apt-appt-app-client/src/components/auth/Login.jsx","statementMap":{"0":{"start":{"line":10,"column":40},"end":{"line":10,"column":52}},"1":{"start":{"line":11,"column":16},"end":{"line":11,"column":28}},"2":{"start":{"line":16,"column":2},"end":{"line":16,"column":74}},"3":{"start":{"line":16,"column":29},"end":{"line":16,"column":72}},"4":{"start":{"line":21,"column":4},"end":{"line":33,"column":5}},"5":{"start":{"line":22,"column":20},"end":{"line":22,"column":83}},"6":{"start":{"line":23,"column":6},"end":{"line":23,"column":27}},"7":{"start":{"line":24,"column":6},"end":{"line":24,"column":55}},"8":{"start":{"line":25,"column":25},"end":{"line":25,"column":57}},"9":{"start":{"line":26,"column":6},"end":{"line":26,"column":21}},"10":{"start":{"line":27,"column":6},"end":{"line":27,"column":36}},"11":{"start":{"line":28,"column":6},"end":{"line":28,"column":45}},"12":{"start":{"line":30,"column":6},"end":{"line":30,"column":60}},"13":{"start":{"line":32,"column":6},"end":{"line":32,"column":22}},"14":{"start":{"line":38,"column":2},"end":{"line":60,"column":3}}},"fnMap":{"0":{"name":"Login","decl":{"start":{"line":7,"column":9},"end":{"line":7,"column":14}},"loc":{"start":{"line":7,"column":41},"end":{"line":61,"column":1}},"line":7},"1":{"name":"inputHandler","decl":{"start":{"line":15,"column":11},"end":{"line":15,"column":23}},"loc":{"start":{"line":15,"column":27},"end":{"line":17,"column":3}},"line":15},"2":{"name":"(anonymous_2)","decl":{"start":{"line":16,"column":17},"end":{"line":16,"column":18}},"loc":{"start":{"line":16,"column":29},"end":{"line":16,"column":72}},"line":16},"3":{"name":"login","decl":{"start":{"line":20,"column":17},"end":{"line":20,"column":22}},"loc":{"start":{"line":20,"column":25},"end":{"line":34,"column":3}},"line":20}},"branchMap":{},"s":{"0":0,"1":0,"2":0,"3":0,"4":0,"5":0,"6":0,"7":0,"8":0,"9":0,"10":0,"11":0,"12":0,"13":0,"14":0},"f":{"0":0,"1":0,"2":0,"3":0},"b":{},"_coverageSchema":"1a1c01bbd47fc00a2c39e90264f33305004495a9","hash":"de6a2b1d1e8006d00e89aedc429eb851cde10126"}
,"/Users/terenvelan/Documents/sei25sg/Unit3/Project3/client/apt-appt-app-client/src/components/auth/Registration.jsx": {"path":"/Users/terenvelan/Documents/sei25sg/Unit3/Project3/client/apt-appt-app-client/src/components/auth/Registration.jsx","statementMap":{"0":{"start":{"line":8,"column":38},"end":{"line":8,"column":50}},"1":{"start":{"line":9,"column":16},"end":{"line":9,"column":28}},"2":{"start":{"line":13,"column":2},"end":{"line":18,"column":3}},"3":{"start":{"line":14,"column":14},"end":{"line":14,"column":80}},"4":{"start":{"line":15,"column":4},"end":{"line":15,"column":29}},"5":{"start":{"line":17,"column":4},"end":{"line":17,"column":20}},"6":{"start":{"line":23,"column":2},"end":{"line":23,"column":74}},"7":{"start":{"line":23,"column":29},"end":{"line":23,"column":72}},"8":{"start":{"line":25,"column":2},"end":{"line":50,"column":3}}},"fnMap":{"0":{"name":"Registration","decl":{"start":{"line":6,"column":9},"end":{"line":6,"column":21}},"loc":{"start":{"line":6,"column":24},"end":{"line":51,"column":1}},"line":6},"1":{"name":"register","decl":{"start":{"line":12,"column":15},"end":{"line":12,"column":23}},"loc":{"start":{"line":12,"column":26},"end":{"line":19,"column":1}},"line":12},"2":{"name":"inputHandler","decl":{"start":{"line":22,"column":9},"end":{"line":22,"column":21}},"loc":{"start":{"line":22,"column":25},"end":{"line":24,"column":1}},"line":22},"3":{"name":"(anonymous_3)","decl":{"start":{"line":23,"column":17},"end":{"line":23,"column":18}},"loc":{"start":{"line":23,"column":29},"end":{"line":23,"column":72}},"line":23}},"branchMap":{},"s":{"0":0,"1":0,"2":0,"3":0,"4":0,"5":0,"6":0,"7":0,"8":0},"f":{"0":0,"1":0,"2":0,"3":0},"b":{},"_coverageSchema":"1a1c01bbd47fc00a2c39e90264f33305004495a9","hash":"c9a8f3d0bad6062aaf4c050119541ee1d3a120f3"}
,"/Users/terenvelan/Documents/sei25sg/Unit3/Project3/client/apt-appt-app-client/src/components/pages/dashboard/Dashboard.jsx": {"path":"/Users/terenvelan/Documents/sei25sg/Unit3/Project3/client/apt-appt-app-client/src/components/pages/dashboard/Dashboard.jsx","statementMap":{"0":{"start":{"line":8,"column":21},"end":{"line":8,"column":32}},"1":{"start":{"line":9,"column":36},"end":{"line":9,"column":48}},"2":{"start":{"line":11,"column":2},"end":{"line":13,"column":9}},"3":{"start":{"line":12,"column":4},"end":{"line":12,"column":19}},"4":{"start":{"line":16,"column":4},"end":{"line":24,"column":5}},"5":{"start":{"line":17,"column":20},"end":{"line":19,"column":7}},"6":{"start":{"line":20,"column":6},"end":{"line":20,"column":37}},"7":{"start":{"line":21,"column":6},"end":{"line":21,"column":38}},"8":{"start":{"line":23,"column":6},"end":{"line":23,"column":23}},"9":{"start":{"line":27,"column":15},"end":{"line":27,"column":17}},"10":{"start":{"line":28,"column":2},"end":{"line":30,"column":3}},"11":{"start":{"line":29,"column":4},"end":{"line":29,"column":53}},"12":{"start":{"line":32,"column":2},"end":{"line":36,"column":4}}},"fnMap":{"0":{"name":"Dashboard","decl":{"start":{"line":7,"column":9},"end":{"line":7,"column":18}},"loc":{"start":{"line":7,"column":21},"end":{"line":37,"column":1}},"line":7},"1":{"name":"(anonymous_1)","decl":{"start":{"line":11,"column":12},"end":{"line":11,"column":13}},"loc":{"start":{"line":11,"column":18},"end":{"line":13,"column":3}},"line":11},"2":{"name":"getEventData","decl":{"start":{"line":15,"column":17},"end":{"line":15,"column":29}},"loc":{"start":{"line":15,"column":32},"end":{"line":25,"column":3}},"line":15}},"branchMap":{"0":{"loc":{"start":{"line":28,"column":2},"end":{"line":30,"column":3}},"type":"if","locations":[{"start":{"line":28,"column":2},"end":{"line":30,"column":3}},{"start":{"line":28,"column":2},"end":{"line":30,"column":3}}],"line":28}},"s":{"0":0,"1":0,"2":0,"3":0,"4":0,"5":0,"6":0,"7":0,"8":0,"9":0,"10":0,"11":0,"12":0},"f":{"0":0,"1":0,"2":0},"b":{"0":[0,0]},"_coverageSchema":"1a1c01bbd47fc00a2c39e90264f33305004495a9","hash":"56de5be007bababceff38ccfe1bae6909ce319b9"}
,"/Users/terenvelan/Documents/sei25sg/Unit3/Project3/client/apt-appt-app-client/src/components/pages/dashboard/EventCard.jsx": {"path":"/Users/terenvelan/Documents/sei25sg/Unit3/Project3/client/apt-appt-app-client/src/components/pages/dashboard/EventCard.jsx","statementMap":{"0":{"start":{"line":4,"column":2},"end":{"line":25,"column":4}},"1":{"start":{"line":14,"column":14},"end":{"line":14,"column":29}}},"fnMap":{"0":{"name":"EventCard","decl":{"start":{"line":3,"column":9},"end":{"line":3,"column":18}},"loc":{"start":{"line":3,"column":21},"end":{"line":26,"column":1}},"line":3},"1":{"name":"(anonymous_1)","decl":{"start":{"line":13,"column":36},"end":{"line":13,"column":37}},"loc":{"start":{"line":14,"column":14},"end":{"line":14,"column":29}},"line":14}},"branchMap":{},"s":{"0":0,"1":0},"f":{"0":0,"1":0},"b":{}}
,"/Users/terenvelan/Documents/sei25sg/Unit3/Project3/client/apt-appt-app-client/src/components/pages/dashboard/EventsDisplay.jsx": {"path":"/Users/terenvelan/Documents/sei25sg/Unit3/Project3/client/apt-appt-app-client/src/components/pages/dashboard/EventsDisplay.jsx","statementMap":{"0":{"start":{"line":4,"column":2},"end":{"line":4,"column":25}},"1":{"start":{"line":5,"column":2},"end":{"line":5,"column":9}},"2":{"start":{"line":6,"column":2},"end":{"line":6,"column":14}}},"fnMap":{"0":{"name":"Events","decl":{"start":{"line":3,"column":9},"end":{"line":3,"column":15}},"loc":{"start":{"line":3,"column":31},"end":{"line":7,"column":1}},"line":3}},"branchMap":{},"s":{"0":0,"1":0,"2":0},"f":{"0":0},"b":{},"_coverageSchema":"1a1c01bbd47fc00a2c39e90264f33305004495a9","hash":"7b48d0c35b5c159c8ba9e8ad086943ae2e07bff3"}
,"/Users/terenvelan/Documents/sei25sg/Unit3/Project3/client/apt-appt-app-client/src/components/pages/event/Event.jsx": {"path":"/Users/terenvelan/Documents/sei25sg/Unit3/Project3/client/apt-appt-app-client/src/components/pages/event/Event.jsx","statementMap":{"0":{"start":{"line":8,"column":21},"end":{"line":8,"column":32}},"1":{"start":{"line":9,"column":36},"end":{"line":9,"column":48}},"2":{"start":{"line":10,"column":40},"end":{"line":10,"column":52}},"3":{"start":{"line":12,"column":2},"end":{"line":14,"column":9}},"4":{"start":{"line":13,"column":4},"end":{"line":13,"column":19}},"5":{"start":{"line":17,"column":4},"end":{"line":25,"column":5}},"6":{"start":{"line":18,"column":20},"end":{"line":20,"column":7}},"7":{"start":{"line":21,"column":6},"end":{"line":21,"column":48}},"8":{"start":{"line":22,"column":6},"end":{"line":22,"column":39}},"9":{"start":{"line":24,"column":6},"end":{"line":24,"column":23}},"10":{"start":{"line":29,"column":4},"end":{"line":29,"column":34}},"11":{"start":{"line":32,"column":2},"end":{"line":32,"column":27}},"12":{"start":{"line":34,"column":2},"end":{"line":34,"column":25}},"13":{"start":{"line":38,"column":15},"end":{"line":38,"column":17}},"14":{"start":{"line":40,"column":2},"end":{"line":73,"column":3}},"15":{"start":{"line":41,"column":4},"end":{"line":72,"column":6}},"16":{"start":{"line":57,"column":14},"end":{"line":57,"column":29}},"17":{"start":{"line":75,"column":2},"end":{"line":75,"column":29}}},"fnMap":{"0":{"name":"Events","decl":{"start":{"line":7,"column":9},"end":{"line":7,"column":15}},"loc":{"start":{"line":7,"column":18},"end":{"line":76,"column":1}},"line":7},"1":{"name":"(anonymous_1)","decl":{"start":{"line":12,"column":12},"end":{"line":12,"column":13}},"loc":{"start":{"line":12,"column":18},"end":{"line":14,"column":3}},"line":12},"2":{"name":"getEventData","decl":{"start":{"line":16,"column":17},"end":{"line":16,"column":29}},"loc":{"start":{"line":16,"column":32},"end":{"line":26,"column":3}},"line":16},"3":{"name":"clickHandler","decl":{"start":{"line":28,"column":17},"end":{"line":28,"column":29}},"loc":{"start":{"line":28,"column":33},"end":{"line":30,"column":3}},"line":28},"4":{"name":"(anonymous_4)","decl":{"start":{"line":56,"column":40},"end":{"line":56,"column":41}},"loc":{"start":{"line":57,"column":14},"end":{"line":57,"column":29}},"line":57}},"branchMap":{"0":{"loc":{"start":{"line":40,"column":2},"end":{"line":73,"column":3}},"type":"if","locations":[{"start":{"line":40,"column":2},"end":{"line":73,"column":3}},{"start":{"line":40,"column":2},"end":{"line":73,"column":3}}],"line":40}},"s":{"0":0,"1":0,"2":0,"3":0,"4":0,"5":0,"6":0,"7":0,"8":0,"9":0,"10":0,"11":0,"12":0,"13":0,"14":0,"15":0,"16":0,"17":0},"f":{"0":0,"1":0,"2":0,"3":0,"4":0},"b":{"0":[0,0]},"_coverageSchema":"1a1c01bbd47fc00a2c39e90264f33305004495a9","hash":"e2011789da5e44d0ec7e81a8d8502f0ec28e393a"}
,"/Users/terenvelan/Documents/sei25sg/Unit3/Project3/client/apt-appt-app-client/src/components/ui/Sidebar.jsx": {"path":"/Users/terenvelan/Documents/sei25sg/Unit3/Project3/client/apt-appt-app-client/src/components/ui/Sidebar.jsx","statementMap":{"0":{"start":{"line":5,"column":2},"end":{"line":28,"column":3}},"1":{"start":{"line":9,"column":29},"end":{"line":9,"column":61}}},"fnMap":{"0":{"name":"Sidebar","decl":{"start":{"line":4,"column":9},"end":{"line":4,"column":16}},"loc":{"start":{"line":4,"column":19},"end":{"line":30,"column":1}},"line":4},"1":{"name":"(anonymous_1)","decl":{"start":{"line":9,"column":14},"end":{"line":9,"column":15}},"loc":{"start":{"line":9,"column":29},"end":{"line":9,"column":61}},"line":9}},"branchMap":{},"s":{"0":0,"1":0},"f":{"0":0,"1":0},"b":{}}
}
