TN:
SF:src/App.js
FN:13,App
FN:19,logout
FNF:2
FNH:1
FNDA:1,App
FNDA:0,logout
DA:15,1
DA:16,1
DA:17,1
DA:20,0
DA:21,0
DA:22,0
DA:23,0
DA:26,1
LF:8
LH:4
BRDA:40,0,0,0
BRDA:40,0,1,1
BRF:2
BRH:1
end_of_record
TN:
SF:src/index.js
FNF:0
FNH:0
DA:8,0
DA:18,0
LF:2
LH:0
BRF:0
BRH:0
end_of_record
TN:
SF:src/reportWebVitals.js
FN:1,(anonymous_0)
FN:3,(anonymous_1)
FNF:2
FNH:0
FNDA:0,(anonymous_0)
FNDA:0,(anonymous_1)
DA:1,0
DA:2,0
DA:3,0
DA:4,0
DA:5,0
DA:6,0
DA:7,0
DA:8,0
LF:8
LH:0
BRDA:2,0,0,0
BRDA:2,0,1,0
BRDA:2,1,0,0
BRDA:2,1,1,0
BRF:4
BRH:0
end_of_record
TN:
SF:src/components/auth/Login.jsx
FN:7,Login
FN:15,inputHandler
FN:16,(anonymous_2)
FN:20,login
FNF:4
FNH:0
FNDA:0,Login
FNDA:0,inputHandler
FNDA:0,(anonymous_2)
FNDA:0,login
DA:10,0
DA:11,0
DA:16,0
DA:21,0
DA:22,0
DA:23,0
DA:24,0
DA:25,0
DA:26,0
DA:27,0
DA:28,0
DA:30,0
DA:32,0
DA:38,0
LF:14
LH:0
BRF:0
BRH:0
end_of_record
TN:
SF:src/components/auth/Registration.jsx
FN:6,Registration
FN:12,register
FN:22,inputHandler
FN:23,(anonymous_3)
FNF:4
FNH:0
FNDA:0,Registration
FNDA:0,register
FNDA:0,inputHandler
FNDA:0,(anonymous_3)
DA:8,0
DA:9,0
DA:13,0
DA:14,0
DA:15,0
DA:17,0
DA:23,0
DA:25,0
LF:8
LH:0
BRF:0
BRH:0
end_of_record
TN:
SF:src/components/pages/dashboard/Dashboard.jsx
FN:7,Dashboard
FN:11,(anonymous_1)
FN:15,getEventData
FNF:3
FNH:0
FNDA:0,Dashboard
FNDA:0,(anonymous_1)
FNDA:0,getEventData
DA:8,0
DA:9,0
DA:11,0
DA:12,0
DA:16,0
DA:17,0
DA:20,0
DA:21,0
DA:23,0
DA:27,0
DA:28,0
DA:29,0
DA:32,0
LF:13
LH:0
BRDA:28,0,0,0
BRDA:28,0,1,0
BRF:2
BRH:0
end_of_record
TN:
SF:src/components/pages/dashboard/EventCard.jsx
FN:3,EventCard
FN:13,(anonymous_1)
FNF:2
FNH:0
FNDA:0,EventCard
FNDA:0,(anonymous_1)
DA:4,0
DA:14,0
LF:2
LH:0
BRF:0
BRH:0
end_of_record
TN:
SF:src/components/pages/dashboard/EventsDisplay.jsx
FN:3,Events
FNF:1
FNH:0
FNDA:0,Events
DA:4,0
DA:5,0
DA:6,0
LF:3
LH:0
BRF:0
BRH:0
end_of_record
TN:
SF:src/components/pages/event/Event.jsx
FN:7,Events
FN:12,(anonymous_1)
FN:16,getEventData
FN:28,clickHandler
FN:56,(anonymous_4)
FNF:5
FNH:0
FNDA:0,Events
FNDA:0,(anonymous_1)
FNDA:0,getEventData
FNDA:0,clickHandler
FNDA:0,(anonymous_4)
DA:8,0
DA:9,0
DA:10,0
DA:12,0
DA:13,0
DA:17,0
DA:18,0
DA:21,0
DA:22,0
DA:24,0
DA:29,0
DA:32,0
DA:34,0
DA:38,0
DA:40,0
DA:41,0
DA:57,0
DA:75,0
LF:18
LH:0
BRDA:40,0,0,0
BRDA:40,0,1,0
BRF:2
BRH:0
end_of_record
TN:
SF:src/components/ui/Sidebar.jsx
FN:4,Sidebar
FN:9,(anonymous_1)
FNF:2
FNH:0
FNDA:0,Sidebar
FNDA:0,(anonymous_1)
DA:5,0
DA:9,0
LF:2
LH:0
BRF:0
BRH:0
end_of_record
